<?xml version="1.0" encoding="UTF-8"?>
<!-- Generated by org.testng.reporters.JUnitReportReporter -->
<testsuite hostname="GK2206L17" failures="0" tests="5" name="LoginPageTest" time="23.502" errors="0" timestamp="2023-03-09T11:04:14 ICT" skipped="0">
  <testcase classname="LoginPageTest" name="loginSuccessSlowConnection" time="8.646"/>
  <system-out/>
  <testcase classname="LoginPageTest" name="loginSuccessProblemUser" time="5.015"/>
  <system-out/>
  <testcase classname="LoginPageTest" name="loginSuccess" time="3.219"/>
  <system-out/>
  <testcase classname="LoginPageTest" name="loginInvalidUsername" time="3.685"/>
  <system-out/>
  <testcase classname="LoginPageTest" name="loginSessionOver" time="2.937"/>
  <system-out/>
</testsuite> <!-- LoginPageTest -->
